C51 COMPILER V9.59.0.0   SEVEN_SEGMENT                                                     08/11/2025 15:59:08 PAGE 1   


C51 COMPILER V9.59.0.0, COMPILATION OF MODULE SEVEN_SEGMENT
OBJECT MODULE PLACED IN .\Objects\seven_segment.obj
COMPILER INVOKED BY: C:\Keil_v5\C51\BIN\C51.EXE seven_segment.c OPTIMIZE(8,SPEED) BROWSE DEBUG OBJECTEXTEND PRINT(.\List
                    -ings\seven_segment.lst) TABS(2) OBJECT(.\Objects\seven_segment.obj)

line level    source

   1          #include <reg51.h>
   2          
   3          unsigned char display[10] = {0x3F,0x06, 0x5B, 0x4F,0x66, 0x6D, 0x7D, 0x07,0x7F, 0x6F};
   4          
   5          
   6          sbit dis1 = P0^0;
   7          sbit dis2 = P0^1;
   8          sbit dis3 = P0^2;
   9           sbit dis4 = P0^3;
  10          
  11          void delay(unsigned int time) {
  12   1          unsigned int i, j;
  13   1          for(i = 0; i <time; i++)
  14   1        for(j = 0; j <1000; j++);
  15   1      }
  16          
  17          void main() {
  18   1          unsigned char i;
  19   1      
  20   1        dis1 = 0;
  21   1       dis2 = 0;
  22   1        dis3 = 0;
  23   1       dis4 = 0;
  24   1      
  25   1          while(1) {
  26   2              for(i = 0; i < 10; i++) {
  27   3               P2 = ~display[i]; 
  28   3      
  29   3          dis1 = 1;
  30   3           dis2 = 1;
  31   3           dis3 = 1;
  32   3             dis4 = 1;
  33   3      
  34   3             delay(200);  
  35   3       }
  36   2       }
  37   1      }


MODULE INFORMATION:   STATIC OVERLAYABLE
   CODE SIZE        =     78    ----
   CONSTANT SIZE    =   ----    ----
   XDATA SIZE       =   ----    ----
   PDATA SIZE       =   ----    ----
   DATA SIZE        =     10    ----
   IDATA SIZE       =   ----    ----
   BIT SIZE         =   ----    ----
END OF MODULE INFORMATION.


C51 COMPILATION COMPLETE.  0 WARNING(S),  0 ERROR(S)
