C51 COMPILER V9.59.0.0   SW_LED                                                            08/11/2025 16:03:26 PAGE 1   


C51 COMPILER V9.59.0.0, COMPILATION OF MODULE SW_LED
OBJECT MODULE PLACED IN .\Objects\sw_led.obj
COMPILER INVOKED BY: C:\Keil_v5\C51\BIN\C51.EXE sw_led.c OPTIMIZE(8,SPEED) BROWSE DEBUG OBJECTEXTEND PRINT(.\Listings\sw
                    -_led.lst) TABS(2) OBJECT(.\Objects\sw_led.obj)

line level    source

   1          #include <reg51.h>
   2          
   3          void delay(unsigned int time) {
   4   1          unsigned int i, j;
   5   1          for(i = 0; i < time; i++)
   6   1              for(j = 0; j < 1000; j++);
   7   1      }
   8          
   9          void main() {
  10   1          unsigned char switches, leds;
  11   1      
  12   1          P1 = 0xFF;   
  13   1          P2 = 0x00;   
  14   1      
  15   1          while(1) {
  16   2              switches = P1;      
  17   2              leds = 0x00;
  18   2      
  19   2              if(switches != 0xFF) {
  20   3                  leds = switches;    
  21   3                  P2 = leds;         
  22   3              } else {
  23   3                  P2 = 0x00;          
  24   3              }
  25   2      
  26   2              delay(10);
  27   2          }
  28   1      }


MODULE INFORMATION:   STATIC OVERLAYABLE
   CODE SIZE        =     62    ----
   CONSTANT SIZE    =   ----    ----
   XDATA SIZE       =   ----    ----
   PDATA SIZE       =   ----    ----
   DATA SIZE        =   ----    ----
   IDATA SIZE       =   ----    ----
   BIT SIZE         =   ----    ----
END OF MODULE INFORMATION.


C51 COMPILATION COMPLETE.  0 WARNING(S),  0 ERROR(S)
