C51 COMPILER V9.59.0.0   EEPROM                                                            08/14/2025 15:30:53 PAGE 1   


C51 COMPILER V9.59.0.0, COMPILATION OF MODULE EEPROM
OBJECT MODULE PLACED IN .\Objects\eeprom.obj
COMPILER INVOKED BY: C:\Keil_v5\C51\BIN\C51.EXE eeprom.c OPTIMIZE(8,SPEED) BROWSE DEBUG OBJECTEXTEND PRINT(.\Listings\ee
                    -prom.lst) TABS(2) OBJECT(.\Objects\eeprom.obj)

line level    source

   1          #include <reg51.h>
   2          
   3          sbit SCL =P2^2;
   4          sbit SDA = P2^3;
   5          
   6          void delay(unsigned int t) {
   7   1          unsigned int i, j;
   8   1          for (i = 0; i < t; i++)
   9   1              for (j = 0; j < 127; j++);
  10   1      }
  11          
  12          void I2C_Start() {
  13   1          SDA = 1; SCL = 1; delay(1);
  14   1          SDA = 0; delay(1);
  15   1          SCL = 0;
  16   1      }
  17          
  18          void I2C_Stop() {
  19   1          SDA = 0; SCL = 1; delay(1);
  20   1          SDA = 1; delay(1);
  21   1      }
  22          
  23          bit I2C_Write(unsigned char dat) {
  24   1          unsigned char i;
  25   1          bit ack;
  26   1          for (i = 0; i < 8; i++) {
  27   2              SDA = (dat & 0x80) ? 1 : 0;
  28   2              SCL = 1; delay(1); SCL = 0;
  29   2              dat <<= 1;
  30   2          }
  31   1          SDA = 1; SCL = 1; delay(1);  
  32   1          ack = SDA; 
  33   1          SCL = 0;
  34   1          return ack;  
  35   1      }
  36          
  37          unsigned char I2C_Read(bit ack) {
  38   1          unsigned char i, dat = 0;
  39   1          SDA = 1;
  40   1          for (i = 0; i < 8; i++) {
  41   2              SCL = 1; delay(1);
  42   2              dat = (dat << 1) | SDA;
  43   2              SCL = 0; delay(1);
  44   2          }
  45   1          SDA = ack ? 0 : 1;
  46   1          SCL = 1; delay(1); SCL = 0;
  47   1          SDA = 1; 
  48   1          return dat;
  49   1      }
  50          
  51          void EEPROM_Write(unsigned char addr, unsigned char dat) {
  52   1          I2C_Start();
  53   1          I2C_Write(0xA0); 
  54   1          I2C_Write(addr);
C51 COMPILER V9.59.0.0   EEPROM                                                            08/14/2025 15:30:53 PAGE 2   

  55   1          I2C_Write(dat);
  56   1          I2C_Stop();
  57   1          delay(50); 
  58   1      }
  59          
  60          unsigned char EEPROM_Read(unsigned char addr) {
  61   1          unsigned char dat;
  62   1          I2C_Start();
  63   1          I2C_Write(0xA0); 
  64   1          I2C_Write(addr);
  65   1          I2C_Start();
  66   1          I2C_Write(0xA1); 
  67   1          dat = I2C_Read(0); 
  68   1          I2C_Stop();
  69   1          return dat;
  70   1      }
  71          
  72          void main() {
  73   1          unsigned char value;
  74   1          P1 = 0x00;  
  75   1      
  76   1          EEPROM_Write(0x00, 0xAA); 
  77   1          value = EEPROM_Read(0x00); 
  78   1      
  79   1          P1 = value; 
  80   1      
  81   1          while (1);
  82   1      }


MODULE INFORMATION:   STATIC OVERLAYABLE
   CODE SIZE        =    257    ----
   CONSTANT SIZE    =   ----    ----
   XDATA SIZE       =   ----    ----
   PDATA SIZE       =   ----    ----
   DATA SIZE        =   ----       5
   IDATA SIZE       =   ----    ----
   BIT SIZE         =   ----       2
END OF MODULE INFORMATION.


C51 COMPILATION COMPLETE.  0 WARNING(S),  0 ERROR(S)
