C51 COMPILER V9.59.0.0   DCMOTOR                                                           08/11/2025 15:39:25 PAGE 1   


C51 COMPILER V9.59.0.0, COMPILATION OF MODULE DCMOTOR
OBJECT MODULE PLACED IN .\Objects\dcmotor.obj
COMPILER INVOKED BY: C:\Keil_v5\C51\BIN\C51.EXE dcmotor.c OPTIMIZE(8,SPEED) BROWSE DEBUG OBJECTEXTEND PRINT(.\Listings\d
                    -cmotor.lst) TABS(2) OBJECT(.\Objects\dcmotor.obj)

line level    source

   1          
   2          // CODE-1
   3          //simple dc motor run
   4          
   5          #include <reg51.h>
   6          
   7          
   8          sbit EN1 = P2^0;
   9          
  10          sbit IN1 = P2^4;   
  11          sbit IN2 = P2^5;   
  12          
  13          void delay(unsigned int time) {
  14   1          unsigned int i, j;
  15   1          for(i = 0; i < time; i++)
  16   1           for(j = 0; j < 1275; j++);
  17   1      }
  18          
  19          void main() {
  20   1          
  21   1          EN1 = 1;    
  22   1          IN1 = 1;   
  23   1          IN2 = 0;
  24   1      
  25   1          while(1) {
  26   2              
  27   2          }
  28   1      }
  29          
  30          /*
  31          
  32          //CODE-2
  33          //DC MOTOR CONTROLLED BY SWITCHES
  34          #include <reg51.h>
  35          
  36          sbit start = P1^0;
  37          sbit stop  = P1^4;
  38          sbit inc   = P1^2;
  39          sbit dec   = P1^3;
  40          sbit rev   = P1^1;
  41          
  42          sbit EN1 = P2^0;
  43          sbit ip1 = P2^4;
  44          sbit ip2 = P2^5;
  45          
  46          unsigned int duty= 20;  
  47          bit motor_on = 0;
  48          bit direction = 0;
  49          
  50          void delay(unsigned int time) {
  51            unsigned int i;
  52            while(time--) for(i=0;i<10;i++);
  53          }
  54          
C51 COMPILER V9.59.0.0   DCMOTOR                                                           08/11/2025 15:39:25 PAGE 2   

  55          void motor() {
  56            if(motor_on) {
  57              if(direction == 0) {
  58                ip1 = 1;
  59                ip2 = 0;
  60              } else {
  61                ip1 = 0;
  62                ip2 = 1;
  63              }
  64          
  65              EN1 = 1;
  66              delay(duty);             
  67              EN1 = 0;
  68              delay(100 - duty);     
  69            } else {
  70              EN1 = 0;
  71              ip1 = 0;
  72              ip2 = 0;
  73            }
  74          }
  75          
  76          void main() {
  77            P1 = 0xFF;
  78            P2 = 0x00;
  79          
  80            while(1) {
  81              if(start == 0) {
  82                motor_on = 1;
  83                delay(1000);
  84              }
  85          
  86              if(stop == 0) {
  87                motor_on = 0;
  88                delay(1000);
  89              }
  90          
  91              if(inc == 0 && duty < 95) {
  92                duty += 5;
  93                delay(1000);
  94              }
  95          
  96              if(dec == 0 && duty > 5) {
  97                duty -= 5; 
  98                delay(1000);
  99              }
 100          
 101              if(rev == 0) {
 102                direction = ~direction;
 103                delay(1000);
 104              }
 105          
 106              motor();  
 107            }
 108          }
 109          */


MODULE INFORMATION:   STATIC OVERLAYABLE
   CODE SIZE        =     40    ----
   CONSTANT SIZE    =   ----    ----
   XDATA SIZE       =   ----    ----
   PDATA SIZE       =   ----    ----
C51 COMPILER V9.59.0.0   DCMOTOR                                                           08/11/2025 15:39:25 PAGE 3   

   DATA SIZE        =   ----    ----
   IDATA SIZE       =   ----    ----
   BIT SIZE         =   ----    ----
END OF MODULE INFORMATION.


C51 COMPILATION COMPLETE.  0 WARNING(S),  0 ERROR(S)
