C51 COMPILER V9.59.0.0   DAC                                                               08/11/2025 16:04:49 PAGE 1   


C51 COMPILER V9.59.0.0, COMPILATION OF MODULE DAC
OBJECT MODULE PLACED IN .\Objects\dac.obj
COMPILER INVOKED BY: C:\Keil_v5\C51\BIN\C51.EXE dac.c OPTIMIZE(8,SPEED) BROWSE DEBUG OBJECTEXTEND PRINT(.\Listings\dac.l
                    -st) TABS(2) OBJECT(.\Objects\dac.obj)

line level    source

   1          
   2          // SQUARE WAVE 
   3          
   4          #include <reg51.h>
   5          
   6          void delay (unsigned int time)
   7          {
   8   1       unsigned int i,j;
   9   1        for(i=0;i<time;i++)
  10   1        for(j=0;j<10;j++);
  11   1        
  12   1      }
  13          
  14          void main(){
  15   1       while(1){
  16   2        
  17   2         P2=0xFF;
  18   2         delay(50);
  19   2         P2=0x00;
  20   2         delay(50);
  21   2       }
  22   1        
  23   1      }
  24          
  25          
  26           /*
  27          //TRIANGULAR WAVE 
  28          
  29          #include <reg51.h>
  30          
  31          void delay(unsigned int time){
  32           unsigned int i,j;
  33            for(i=0;i<time;i++)
  34            for(j=0;j<1000;j++);
  35          
  36          }
  37          
  38          void main(){
  39          unsigned int i,j;
  40            
  41            while(1){
  42            
  43              for(i=0;i<256;i++)
  44              P2 = i;
  45              for(j=255;j>0;j--)
  46              P2=j;
  47            
  48            }
  49          
  50          }
  51          
  52          */
  53          
  54          
C51 COMPILER V9.59.0.0   DAC                                                               08/11/2025 16:04:49 PAGE 2   

  55          
  56          /*
  57          
  58          //SAWTOOTH WAVE 
  59          
  60          #include <reg51.h>
  61          
  62          void delay(unsigned int time){
  63            
  64          unsigned int i,j ;
  65            
  66            for(i=0;i<time;i++)
  67              for(j=0;j<1000;j++);
  68          }
  69          
  70          void main(){
  71          unsigned int i;
  72            while(1){
  73            for(i=0;i<256;i++)
  74            P2=i;
  75          
  76          }}
  77          
  78          
  79          */
  80          
  81          
  82          /*
  83          
  84          // 3 STEP STAIRCASE WAVE 
  85          
  86          #include <reg51.h>
  87          
  88          void delay(unsigned int time)
  89          {
  90           unsigned int i,j ;
  91          
  92          for(i=0;i<time;i++)
  93          for(j=0;j<1000;j++);  
  94          }
  95          
  96          void main()
  97          {
  98          int i,j;
  99          while(1){
 100          
 101              for(i=0;i<=255;i=i+85)
 102              {
 103                P2=i;
 104               delay(500);
 105               }
 106              for(j=254;j>=0;j=j-85)
 107             {
 108             P2=j;
 109             delay(500);
 110          }
 111          }
 112          }
 113          
 114          */
 115          
 116          
C51 COMPILER V9.59.0.0   DAC                                                               08/11/2025 16:04:49 PAGE 3   

 117          
 118          /*
 119          // 5 STEP STAIRCASE WAVE 
 120          #include <reg51.h>
 121          
 122          void delay(unsigned int time)
 123          {
 124           unsigned int i,j ;
 125          
 126          for(i=0;i<time;i++)
 127          for(j=0;j<10;j++);  
 128          }
 129          
 130          void main()
 131          {
 132            int i,j;
 133            while(1){
 134          
 135            for(i=0;i<=255;i=i+51)
 136              {
 137                P2=i;
 138               delay(10);
 139               }
 140             for(j=255;j>=0;j=j-51)
 141          {
 142             P2=j;
 143             delay(10);
 144            }
 145            
 146           }
 147          }
 148          */
 149          
 150          /*
 151          //SINE WAVE 
 152          
 153          #include <reg51.h>
 154          
 155          unsigned char sine_table[32] = {128, 152, 176, 198, 218, 234, 245, 252,255, 252, 245, 234, 218, 198, 
 156            176, 152,128, 104, 80,  58,  38,  22,  11,   4, 0,   4, 11,  22,  38,  58,  80, 104
 157          };
 158          
 159          void delay(unsigned int time) {
 160            unsigned int i, j;
 161            for(i = 0; i < time; i++)
 162              for(j = 0; j < 100; j++);
 163          }
 164          
 165          void main() {
 166            int i;
 167            while(1) {
 168              for(i = 0; i < 32; i++) {
 169                P2 = sine_table[i];  
 170                delay(1);            
 171              }
 172            }
 173          }
 174          
 175          */


MODULE INFORMATION:   STATIC OVERLAYABLE
C51 COMPILER V9.59.0.0   DAC                                                               08/11/2025 16:04:49 PAGE 4   

   CODE SIZE        =     50    ----
   CONSTANT SIZE    =   ----    ----
   XDATA SIZE       =   ----    ----
   PDATA SIZE       =   ----    ----
   DATA SIZE        =   ----    ----
   IDATA SIZE       =   ----    ----
   BIT SIZE         =   ----    ----
END OF MODULE INFORMATION.


C51 COMPILATION COMPLETE.  0 WARNING(S),  0 ERROR(S)
