C51 COMPILER V9.59.0.0   BUZ                                                               08/11/2025 15:44:11 PAGE 1   


C51 COMPILER V9.59.0.0, COMPILATION OF MODULE BUZ
OBJECT MODULE PLACED IN .\Objects\buz.obj
COMPILER INVOKED BY: C:\Keil_v5\C51\BIN\C51.EXE buz.c OPTIMIZE(8,SPEED) BROWSE DEBUG OBJECTEXTEND PRINT(.\Listings\buz.l
                    -st) TABS(2) OBJECT(.\Objects\buz.obj)

line level    source

   1          #include <reg51.h>
   2          
   3          sbit buzzer = P1^1;
   4          sbit button_buzzer = P1^3;
   5          
   6          void delay(unsigned int time){
   7   1      unsigned int i,j ;
   8   1        for(i=0 ; i<time ; i++)
   9   1        for(j=0 ;j<120 ; j++);
  10   1      }
  11          
  12          void main(){
  13   1          bit state = 0;
  14   1       buzzer = 1;
  15   1        button_buzzer = 1;
  16   1        
  17   1      
  18   1        
  19   1        while(1){
  20   2        if(button_buzzer ==0){
  21   3         delay(20);
  22   3          
  23   3          if(button_buzzer ==0){
  24   4          state = !state;
  25   4            buzzer = !state;
  26   4          while(button_buzzer==0);
  27   4            delay(20);
  28   4        }
  29   3        
  30   3        }
  31   2        }
  32   1        
  33   1      }


MODULE INFORMATION:   STATIC OVERLAYABLE
   CODE SIZE        =     70    ----
   CONSTANT SIZE    =   ----    ----
   XDATA SIZE       =   ----    ----
   PDATA SIZE       =   ----    ----
   DATA SIZE        =   ----    ----
   IDATA SIZE       =   ----    ----
   BIT SIZE         =   ----       1
END OF MODULE INFORMATION.


C51 COMPILATION COMPLETE.  0 WARNING(S),  0 ERROR(S)
